<?xml version="1.0" encoding="UTF-8"?>
<!-- Generated by org.testng.reporters.JUnitReportReporter -->
<testsuite hostname="NIDHI-OIF6SMT" failures="0" tests="4" name="com.qa.test.HomePageTest" time="60.486" errors="0" timestamp="2021-05-13T19:34:45 IST" skipped="0">
  <testcase classname="com.qa.test.HomePageTest" name="VerifyHomePageTitleTest" time="14.098"/>
  <system-out/>
  <testcase classname="com.qa.test.HomePageTest" name="ClickOnLeavePageTest" time="15.347"/>
  <system-out/>
  <testcase classname="com.qa.test.HomePageTest" name="VerifyUsernameTest" time="14.423"/>
  <system-out/>
  <testcase classname="com.qa.test.HomePageTest" name="ClickOnMyInfoPageTest" time="16.618"/>
  <system-out/>
</testsuite> <!-- com.qa.test.HomePageTest -->
