<?xml version="1.0" encoding="UTF-8"?>
<!-- Generated by org.testng.reporters.JUnitReportReporter -->
<testsuite hostname="NIDHI-OIF6SMT" failures="0" tests="1" name="com.qa.test.LeavePageTest" time="14.853" errors="0" timestamp="2021-05-13T19:34:45 IST" skipped="0">
  <testcase classname="com.qa.test.LeavePageTest" name="VerifyLeaveLabelTest" time="14.853"/>
  <system-out/>
</testsuite> <!-- com.qa.test.LeavePageTest -->
