<?xml version="1.0" encoding="UTF-8"?>
<!-- Generated by org.testng.reporters.JUnitReportReporter -->
<testsuite hostname="NIDHI-OIF6SMT" failures="0" tests="2" name="com.qa.test.LoginPageTest" time="26.256" errors="0" timestamp="2021-05-13T19:34:45 IST" skipped="0">
  <testcase classname="com.qa.test.LoginPageTest" name="validateloginpageTitle" time="11.046"/>
  <system-out/>
  <testcase classname="com.qa.test.LoginPageTest" name="Login" time="15.210"/>
  <system-out/>
</testsuite> <!-- com.qa.test.LoginPageTest -->
